# JRE version: OpenJDK Runtime Environment Temurin-21.0.12.1+1 (21.0.12.1+1) (build 21.0.12.1+1-LTS)
# Java VM: OpenJDK 64-Bit Server VM Temurin-21.0.12.1+1 (21.0.12.1+1-LTS, mixed mode, sharing, tiered, compressed oops, compressed class ptrs, parallel gc, windows-amd64)
GC Precious Log:
 CardTable entry size: 512
 CPUs: 20 total, 20 available
 Memory: 7709M
 Large Page Support: Disabled
 NUMA Support: Disabled
 Compressed Oops: Enabled (32-bit)
 Alignments: Space 512K, Generation 512K, Heap 2M
 Heap Min Capacity: 100M
 Heap Initial Capacity: 100M
 Heap Max Capacity: 2G
 Pre-touch: Disabled
 Parallel Workers: 15
Heap:
 PSYoungGen      total 22528K, used 512K [0x00000000d5580000, 0x00000000d6f80000, 0x0000000100000000)
  eden space 22016K, 0% used [0x00000000d5580000,0x00000000d5580000,0x00000000d6b00000)
  from space 512K, 100% used [0x00000000d6f00000,0x00000000d6f80000,0x00000000d6f80000)
  to   space 1024K, 0% used [0x00000000d6e00000,0x00000000d6e00000,0x00000000d6f00000)
 ParOldGen       total 68608K, used 23039K [0x0000000080000000, 0x0000000084300000, 0x00000000d5580000)
  object space 68608K, 33% used [0x0000000080000000,0x000000008167feb0,0x0000000084300000)
 Metaspace       used 43458K, committed 44544K, reserved 1114112K
  class space    used 4709K, committed 5184K, reserved 1048576K
GC Heap History (20 events):
Event: 3.841 GC heap before
{Heap before GC invocations=10 (full 1):
 PSYoungGen      total 28672K, used 23837K [0x00000000d5580000, 0x00000000d7700000, 0x0000000100000000)
  eden space 24064K, 99% used [0x00000000d5580000,0x00000000d6cc76a8,0x00000000d6d00000)
  from space 4608K, 0% used [0x00000000d7280000,0x00000000d7280000,0x00000000d7700000)
  to   space 5120K, 0% used [0x00000000d6d00000,0x00000000d6d00000,0x00000000d7200000)
 ParOldGen       total 68608K, used 13572K [0x0000000080000000, 0x0000000084300000, 0x00000000d5580000)
  object space 68608K, 19% used [0x0000000080000000,0x0000000080d411b8,0x0000000084300000)
 Metaspace       used 22804K, committed 23616K, reserved 1114112K
  class space    used 2338K, committed 2688K, reserved 1048576K
}
Event: 3.842 GC heap after
{Heap after GC invocations=10 (full 1):
 PSYoungGen      total 24576K, used 743K [0x00000000d5580000, 0x00000000d7300000, 0x0000000100000000)
  eden space 23552K, 0% used [0x00000000d5580000,0x00000000d5580000,0x00000000d6c80000)
  from space 1024K, 72% used [0x00000000d6d00000,0x00000000d6db9e98,0x00000000d6e00000)
  to   space 2560K, 0% used [0x00000000d7080000,0x00000000d7080000,0x00000000d7300000)
 ParOldGen       total 68608K, used 13580K [0x0000000080000000, 0x0000000084300000, 0x00000000d5580000)
  object space 68608K, 19% used [0x0000000080000000,0x0000000080d431b8,0x0000000084300000)
 Metaspace       used 22804K, committed 23616K, reserved 1114112K
  class space    used 2338K, committed 2688K, reserved 1048576K
}
Event: 3.945 GC heap before
{Heap before GC invocations=11 (full 1):
 PSYoungGen      total 24576K, used 24295K [0x00000000d5580000, 0x00000000d7300000, 0x0000000100000000)
  eden space 23552K, 100% used [0x00000000d5580000,0x00000000d6c80000,0x00000000d6c80000)
  from space 1024K, 72% used [0x00000000d6d00000,0x00000000d6db9e98,0x00000000d6e00000)
  to   space 2560K, 0% used [0x00000000d7080000,0x00000000d7080000,0x00000000d7300000)
 ParOldGen       total 68608K, used 13580K [0x0000000080000000, 0x0000000084300000, 0x00000000d5580000)
  object space 68608K, 19% used [0x0000000080000000,0x0000000080d431b8,0x0000000084300000)
 Metaspace       used 26370K, committed 27200K, reserved 1114112K
  class space    used 2600K, committed 2944K, reserved 1048576K
}
Event: 3.946 GC heap after
{Heap after GC invocations=11 (full 1):
 PSYoungGen      total 24064K, used 889K [0x00000000d5580000, 0x00000000d7180000, 0x0000000100000000)
  eden space 23040K, 0% used [0x00000000d5580000,0x00000000d5580000,0x00000000d6c00000)
  from space 1024K, 86% used [0x00000000d7080000,0x00000000d715e5b0,0x00000000d7180000)
  to   space 1536K, 0% used [0x00000000d6e80000,0x00000000d6e80000,0x00000000d7000000)
 ParOldGen       total 68608K, used 13588K [0x0000000080000000, 0x0000000084300000, 0x00000000d5580000)
  object space 68608K, 19% used [0x0000000080000000,0x0000000080d451b8,0x0000000084300000)
 Metaspace       used 26370K, committed 27200K, reserved 1114112K
  class space    used 2600K, committed 2944K, reserved 1048576K
}
Event: 4.056 GC heap before
{Heap before GC invocations=12 (full 1):
 PSYoungGen      total 24064K, used 23929K [0x00000000d5580000, 0x00000000d7180000, 0x0000000100000000)
  eden space 23040K, 100% used [0x00000000d5580000,0x00000000d6c00000,0x00000000d6c00000)
  from space 1024K, 86% used [0x00000000d7080000,0x00000000d715e5b0,0x00000000d7180000)
  to   space 1536K, 0% used [0x00000000d6e80000,0x00000000d6e80000,0x00000000d7000000)
 ParOldGen       total 68608K, used 13588K [0x0000000080000000, 0x0000000084300000, 0x00000000d5580000)
  object space 68608K, 19% used [0x0000000080000000,0x0000000080d451b8,0x0000000084300000)
 Metaspace       used 27970K, committed 28800K, reserved 1114112K
  class space    used 2720K, committed 3072K, reserved 1048576K
}
Event: 4.057 GC heap after
{Heap after GC invocations=12 (full 1):
 PSYoungGen      total 24064K, used 1531K [0x00000000d5580000, 0x00000000d7280000, 0x0000000100000000)
  eden space 22528K, 0% used [0x00000000d5580000,0x00000000d5580000,0x00000000d6b80000)
  from space 1536K, 99% used [0x00000000d6e80000,0x00000000d6ffeda0,0x00000000d7000000)
  to   space 2560K, 0% used [0x00000000d7000000,0x00000000d7000000,0x00000000d7280000)
 ParOldGen       total 68608K, used 15105K [0x0000000080000000, 0x0000000084300000, 0x00000000d5580000)
  object space 68608K, 22% used [0x0000000080000000,0x0000000080ec05b8,0x0000000084300000)
 Metaspace       used 27970K, committed 28800K, reserved 1114112K
  class space    used 2720K, committed 3072K, reserved 1048576K
}
Event: 4.215 GC heap before
{Heap before GC invocations=13 (full 1):
 PSYoungGen      total 24064K, used 24059K [0x00000000d5580000, 0x00000000d7280000, 0x0000000100000000)
  eden space 22528K, 100% used [0x00000000d5580000,0x00000000d6b80000,0x00000000d6b80000)
  from space 1536K, 99% used [0x00000000d6e80000,0x00000000d6ffeda0,0x00000000d7000000)
  to   space 2560K, 0% used [0x00000000d7000000,0x00000000d7000000,0x00000000d7280000)
 ParOldGen       total 68608K, used 15529K [0x0000000080000000, 0x0000000084300000, 0x00000000d5580000)
  object space 68608K, 22% used [0x0000000080000000,0x0000000080f2a480,0x0000000084300000)
 Metaspace       used 31186K, committed 32128K, reserved 1114112K
  class space    used 3080K, committed 3456K, reserved 1048576K
}
Event: 4.218 GC heap after
{Heap after GC invocations=13 (full 1):
 PSYoungGen      total 25088K, used 2200K [0x00000000d5580000, 0x00000000d7280000, 0x0000000100000000)
  eden space 22528K, 0% used [0x00000000d5580000,0x00000000d5580000,0x00000000d6b80000)
  from space 2560K, 85% used [0x00000000d7000000,0x00000000d7226278,0x00000000d7280000)
  to   space 2560K, 0% used [0x00000000d6d80000,0x00000000d6d80000,0x00000000d7000000)
 ParOldGen       total 68608K, used 16948K [0x0000000080000000, 0x0000000084300000, 0x00000000d5580000)
  object space 68608K, 24% used [0x0000000080000000,0x000000008108d1a0,0x0000000084300000)
 Metaspace       used 31186K, committed 32128K, reserved 1114112K
  class space    used 3080K, committed 3456K, reserved 1048576K
}
Event: 4.301 GC heap before
{Heap before GC invocations=14 (full 1):
 PSYoungGen      total 25088K, used 24728K [0x00000000d5580000, 0x00000000d7280000, 0x0000000100000000)
  eden space 22528K, 99% used [0x00000000d5580000,0x00000000d6b7fff8,0x00000000d6b80000)
  from space 2560K, 85% used [0x00000000d7000000,0x00000000d7226278,0x00000000d7280000)
  to   space 2560K, 0% used [0x00000000d6d80000,0x00000000d6d80000,0x00000000d7000000)
 ParOldGen       total 68608K, used 16963K [0x0000000080000000, 0x0000000084300000, 0x00000000d5580000)
  object space 68608K, 24% used [0x0000000080000000,0x0000000081090ce8,0x0000000084300000)
 Metaspace       used 33982K, committed 35008K, reserved 1114112K
  class space    used 3445K, committed 3840K, reserved 1048576K
}
Event: 4.303 GC heap after
{Heap after GC invocations=14 (full 1):
 PSYoungGen      total 24576K, used 2272K [0x00000000d5580000, 0x00000000d7080000, 0x0000000100000000)
  eden space 22016K, 0% used [0x00000000d5580000,0x00000000d5580000,0x00000000d6b00000)
  from space 2560K, 88% used [0x00000000d6d80000,0x00000000d6fb8000,0x00000000d7000000)
  to   space 512K, 0% used [0x00000000d7000000,0x00000000d7000000,0x00000000d7080000)
 ParOldGen       total 68608K, used 18737K [0x0000000080000000, 0x0000000084300000, 0x00000000d5580000)
  object space 68608K, 27% used [0x0000000080000000,0x000000008124c718,0x0000000084300000)
 Metaspace       used 33982K, committed 35008K, reserved 1114112K
  class space    used 3445K, committed 3840K, reserved 1048576K
}
Event: 4.333 GC heap before
{Heap before GC invocations=15 (full 1):
 PSYoungGen      total 24576K, used 8991K [0x00000000d5580000, 0x00000000d7080000, 0x0000000100000000)
  eden space 22016K, 30% used [0x00000000d5580000,0x00000000d5c0fe98,0x00000000d6b00000)
  from space 2560K, 88% used [0x00000000d6d80000,0x00000000d6fb8000,0x00000000d7000000)
  to   space 512K, 0% used [0x00000000d7000000,0x00000000d7000000,0x00000000d7080000)
 ParOldGen       total 68608K, used 18737K [0x0000000080000000, 0x0000000084300000, 0x00000000d5580000)
  object space 68608K, 27% used [0x0000000080000000,0x000000008124c718,0x0000000084300000)
 Metaspace       used 34866K, committed 35840K, reserved 1114112K
  class space    used 3564K, committed 3968K, reserved 1048576K
}
Event: 4.335 GC heap after
{Heap after GC invocations=15 (full 1):
 PSYoungGen      total 22528K, used 480K [0x00000000d5580000, 0x00000000d7080000, 0x0000000100000000)
  eden space 22016K, 0% used [0x00000000d5580000,0x00000000d5580000,0x00000000d6b00000)
  from space 512K, 93% used [0x00000000d7000000,0x00000000d7078000,0x00000000d7080000)
  to   space 1536K, 0% used [0x00000000d6d80000,0x00000000d6d80000,0x00000000d6f00000)
 ParOldGen       total 68608K, used 20793K [0x0000000080000000, 0x0000000084300000, 0x00000000d5580000)
  object space 68608K, 30% used [0x0000000080000000,0x000000008144e728,0x0000000084300000)
 Metaspace       used 34866K, committed 35840K, reserved 1114112K
  class space    used 3564K, committed 3968K, reserved 1048576K
}
Event: 4.335 GC heap before
{Heap before GC invocations=16 (full 2):
 PSYoungGen      total 22528K, used 480K [0x00000000d5580000, 0x00000000d7080000, 0x0000000100000000)
  eden space 22016K, 0% used [0x00000000d5580000,0x00000000d5580000,0x00000000d6b00000)
  from space 512K, 93% used [0x00000000d7000000,0x00000000d7078000,0x00000000d7080000)
  to   space 1536K, 0% used [0x00000000d6d80000,0x00000000d6d80000,0x00000000d6f00000)
 ParOldGen       total 68608K, used 20793K [0x0000000080000000, 0x0000000084300000, 0x00000000d5580000)
  object space 68608K, 30% used [0x0000000080000000,0x000000008144e728,0x0000000084300000)
 Metaspace       used 34866K, committed 35840K, reserved 1114112K
  class space    used 3564K, committed 3968K, reserved 1048576K
}
Event: 4.358 GC heap after
{Heap after GC invocations=16 (full 2):
 PSYoungGen      total 22528K, used 0K [0x00000000d5580000, 0x00000000d7080000, 0x0000000100000000)
  eden space 22016K, 0% used [0x00000000d5580000,0x00000000d5580000,0x00000000d6b00000)
  from space 512K, 0% used [0x00000000d7000000,0x00000000d7000000,0x00000000d7080000)
  to   space 1536K, 0% used [0x00000000d6d80000,0x00000000d6d80000,0x00000000d6f00000)
 ParOldGen       total 68608K, used 19832K [0x0000000080000000, 0x0000000084300000, 0x00000000d5580000)
  object space 68608K, 28% used [0x0000000080000000,0x000000008135e180,0x0000000084300000)
 Metaspace       used 34866K, committed 35840K, reserved 1114112K
  class space    used 3564K, committed 3968K, reserved 1048576K
}
Event: 4.471 GC heap before
{Heap before GC invocations=17 (full 2):
 PSYoungGen      total 22528K, used 22016K [0x00000000d5580000, 0x00000000d7080000, 0x0000000100000000)
  eden space 22016K, 100% used [0x00000000d5580000,0x00000000d6b00000,0x00000000d6b00000)
  from space 512K, 0% used [0x00000000d7000000,0x00000000d7000000,0x00000000d7080000)
  to   space 1536K, 0% used [0x00000000d6d80000,0x00000000d6d80000,0x00000000d6f00000)
 ParOldGen       total 68608K, used 19832K [0x0000000080000000, 0x0000000084300000, 0x00000000d5580000)
  object space 68608K, 28% used [0x0000000080000000,0x000000008135e180,0x0000000084300000)
 Metaspace       used 37050K, committed 38080K, reserved 1114112K
  class space    used 3866K, committed 4288K, reserved 1048576K
}
Event: 4.472 GC heap after
{Heap after GC invocations=17 (full 2):
 PSYoungGen      total 23552K, used 1372K [0x00000000d5580000, 0x00000000d7080000, 0x0000000100000000)
  eden space 22016K, 0% used [0x00000000d5580000,0x00000000d5580000,0x00000000d6b00000)
  from space 1536K, 89% used [0x00000000d6d80000,0x00000000d6ed7350,0x00000000d6f00000)
  to   space 1536K, 0% used [0x00000000d6f00000,0x00000000d6f00000,0x00000000d7080000)
 ParOldGen       total 68608K, used 19840K [0x0000000080000000, 0x0000000084300000, 0x00000000d5580000)
  object space 68608K, 28% used [0x0000000080000000,0x0000000081360180,0x0000000084300000)
 Metaspace       used 37050K, committed 38080K, reserved 1114112K
  class space    used 3866K, committed 4288K, reserved 1048576K
}
Event: 4.601 GC heap before
{Heap before GC invocations=18 (full 2):
 PSYoungGen      total 23552K, used 23388K [0x00000000d5580000, 0x00000000d7080000, 0x0000000100000000)
  eden space 22016K, 100% used [0x00000000d5580000,0x00000000d6b00000,0x00000000d6b00000)
  from space 1536K, 89% used [0x00000000d6d80000,0x00000000d6ed7350,0x00000000d6f00000)
  to   space 1536K, 0% used [0x00000000d6f00000,0x00000000d6f00000,0x00000000d7080000)
 ParOldGen       total 68608K, used 19840K [0x0000000080000000, 0x0000000084300000, 0x00000000d5580000)
  object space 68608K, 28% used [0x0000000080000000,0x0000000081360180,0x0000000084300000)
 Metaspace       used 38429K, committed 39488K, reserved 1114112K
  class space    used 4045K, committed 4480K, reserved 1048576K
}
Event: 4.602 GC heap after
{Heap after GC invocations=18 (full 2):
 PSYoungGen      total 23040K, used 736K [0x00000000d5580000, 0x00000000d7000000, 0x0000000100000000)
  eden space 22016K, 0% used [0x00000000d5580000,0x00000000d5580000,0x00000000d6b00000)
  from space 1024K, 71% used [0x00000000d6f00000,0x00000000d6fb8000,0x00000000d7000000)
  to   space 1024K, 0% used [0x00000000d6e00000,0x00000000d6e00000,0x00000000d6f00000)
 ParOldGen       total 68608K, used 20912K [0x0000000080000000, 0x0000000084300000, 0x00000000d5580000)
  object space 68608K, 30% used [0x0000000080000000,0x000000008146c190,0x0000000084300000)
 Metaspace       used 38429K, committed 39488K, reserved 1114112K
  class space    used 4045K, committed 4480K, reserved 1048576K
}
Event: 4.759 GC heap before
{Heap before GC invocations=19 (full 2):
 PSYoungGen      total 23040K, used 22752K [0x00000000d5580000, 0x00000000d7000000, 0x0000000100000000)
  eden space 22016K, 100% used [0x00000000d5580000,0x00000000d6b00000,0x00000000d6b00000)
  from space 1024K, 71% used [0x00000000d6f00000,0x00000000d6fb8000,0x00000000d7000000)
  to   space 1024K, 0% used [0x00000000d6e00000,0x00000000d6e00000,0x00000000d6f00000)
 ParOldGen       total 68608K, used 20912K [0x0000000080000000, 0x0000000084300000, 0x00000000d5580000)
  object space 68608K, 30% used [0x0000000080000000,0x000000008146c190,0x0000000084300000)
 Metaspace       used 40863K, committed 41856K, reserved 1114112K
  class space    used 4359K, committed 4736K, reserved 1048576K
}
Event: 4.760 GC heap after
{Heap after GC invocations=19 (full 2):
 PSYoungGen      total 23040K, used 1024K [0x00000000d5580000, 0x00000000d6f80000, 0x0000000100000000)
  eden space 22016K, 0% used [0x00000000d5580000,0x00000000d5580000,0x00000000d6b00000)
  from space 1024K, 100% used [0x00000000d6e00000,0x00000000d6f00000,0x00000000d6f00000)
  to   space 512K, 0% used [0x00000000d6f00000,0x00000000d6f00000,0x00000000d6f80000)
 ParOldGen       total 68608K, used 21376K [0x0000000080000000, 0x0000000084300000, 0x00000000d5580000)
  object space 68608K, 31% used [0x0000000080000000,0x00000000814e0190,0x0000000084300000)
 Metaspace       used 40863K, committed 41856K, reserved 1114112K
  class space    used 4359K, committed 4736K, reserved 1048576K
}

